/*C11*/SET SCHEMA PUBLIC
DELETE FROM JOGADOR WHERE ID=9
INSERT INTO JOGADOR VALUES(9,'Player 12','aced00057372000d6a6176612e74696d652e536572955d84ba1b2248b20c00007870770e05000007e20216103a2c01d905c078',NULL,'player@gmail.com')
COMMIT
DELETE FROM JOGADOR WHERE ID=9
INSERT INTO JOGADOR VALUES(9,'Player 123','aced00057372000d6a6176612e74696d652e536572955d84ba1b2248b20c00007870770e05000007e20216103a2c01d905c078',NULL,'player@gmail.comx')
COMMIT
DELETE FROM JOGADOR WHERE ID=6
INSERT INTO JOGADOR VALUES(6,'Other Player 23','aced00057372000d6a6176612e74696d652e536572955d84ba1b2248b20c00007870770e05000007e2010e15182a31d4590078',NULL,'thiagoscerqueira@gmail.com')
COMMIT
DELETE FROM JOGADOR WHERE ID=6
INSERT INTO JOGADOR VALUES(6,'Other Player 2334','aced00057372000d6a6176612e74696d652e536572955d84ba1b2248b20c00007870770e05000007e2010e15182a31d4590078',NULL,'thiagoscerqueira@gmail.com')
COMMIT
DELETE FROM JOGADOR WHERE ID=6
INSERT INTO JOGADOR VALUES(6,'Other Player 2334','aced00057372000d6a6176612e74696d652e536572955d84ba1b2248b20c00007870770e05000007e2010e15182a31d4590078',NULL,'thiagoscerqueira@gmail.comxx')
COMMIT
DELETE FROM JOGADOR WHERE ID=6
INSERT INTO JOGADOR VALUES(6,'Other Player 23344','aced00057372000d6a6176612e74696d652e536572955d84ba1b2248b20c00007870770e05000007e2010e15182a31d4590078',NULL,'thiagoscerqueira@gmail.comxxdssdds')
COMMIT
INSERT INTO JOGADOR VALUES(11,'Mais um player','aced00057372000d6a6176612e74696d652e536572955d84ba1b2248b20c00007870770e05000007e2021707321703a2c94078',NULL,'kdkfj@fjkjgf.com')
COMMIT
INSERT INTO JOGADOR VALUES(12,'frsdsdf','aced00057372000d6a6176612e74696d652e536572955d84ba1b2248b20c00007870770e05000007e202170734151c5f2f0078',NULL,'sdfsdfsfsdfsdf')
COMMIT
INSERT INTO JOGADOR VALUES(13,'ddddd','aced00057372000d6a6176612e74696d652e536572955d84ba1b2248b20c00007870770e05000007e202170734392c0c3ec078',NULL,'dddddddd')
COMMIT
INSERT INTO JOGADOR VALUES(14,'mais um','aced00057372000d6a6176612e74696d652e536572955d84ba1b2248b20c00007870770e05000007e202170735351a2a9bc078',NULL,'jdkfkjdsf@jkljdjldjf.com')
COMMIT
INSERT INTO JOGADOR VALUES(15,'teste','aced00057372000d6a6176612e74696d652e536572955d84ba1b2248b20c00007870770e05000007e202170736032503b54078',NULL,'novo@mail.com')
COMMIT
INSERT INTO JOGADOR VALUES(16,'Teste 1','aced00057372000d6a6176612e74696d652e536572955d84ba1b2248b20c00007870770e05000007e2021708173b1322124078',NULL,'sdasd@jdkfdjfkjfd.com')
COMMIT
INSERT INTO JOGADOR VALUES(17,'Novo player','aced00057372000d6a6176612e74696d652e536572955d84ba1b2248b20c00007870770e05000007e20217081c1d134fd90078',NULL,'new@gmail.com')
COMMIT
INSERT INTO JOGADOR VALUES(18,'sdfsdf','aced00057372000d6a6176612e74696d652e536572955d84ba1b2248b20c00007870770e05000007e20217081d0d059a538078',NULL,'sdfsdf@sdfsdf.com')
COMMIT
INSERT INTO JOGADOR VALUES(19,'Added Sem mail','aced00057372000d6a6176612e74696d652e536572955d84ba1b2248b20c00007870770e05000007e20217082d1613e86f8078',NULL,'')
COMMIT
INSERT INTO JOGADOR VALUES(20,'','aced00057372000d6a6176612e74696d652e536572955d84ba1b2248b20c00007870770e05000007e202170909030121eac078',NULL,'')
COMMIT
INSERT INTO JOGADOR VALUES(21,'','aced00057372000d6a6176612e74696d652e536572955d84ba1b2248b20c00007870770e05000007e20217090a0c177bf68078',NULL,'')
COMMIT
INSERT INTO JOGADOR VALUES(22,'','aced00057372000d6a6176612e74696d652e536572955d84ba1b2248b20c00007870770e05000007e20217090b0e14aeccc078',NULL,'')
COMMIT
INSERT INTO JOGADOR VALUES(23,'dfdfdfdfdf','aced00057372000d6a6176612e74696d652e536572955d84ba1b2248b20c00007870770e05000007e2021709141a07ed6b4078',NULL,'dfsdf@dfdsfsdfsdfsdf')
COMMIT
DELETE FROM JOGADOR WHERE ID=23
INSERT INTO JOGADOR VALUES(23,'Outro player add','aced00057372000d6a6176612e74696d652e536572955d84ba1b2248b20c00007870770e05000007e2021709141a07ed6b4078',NULL,'outroPlayerAdd@gmail.com')
COMMIT
DELETE FROM JOGADOR WHERE ID=23
INSERT INTO JOGADOR VALUES(23,'Outro player  2','aced00057372000d6a6176612e74696d652e536572955d84ba1b2248b20c00007870770e05000007e2021709141a07ed6b4078',NULL,'outroPlayerAdd@gmail.com')
COMMIT
DELETE FROM JOGADOR WHERE ID=11
INSERT INTO JOGADOR VALUES(11,'Mais um player xx','aced00057372000d6a6176612e74696d652e536572955d84ba1b2248b20c00007870770e05000007e2021707321703a2c94078',NULL,'kdkfj@fjkjgf.comx')
COMMIT
DELETE FROM JOGADOR WHERE ID=21
INSERT INTO JOGADOR VALUES(21,'sdafasf','aced00057372000d6a6176612e74696d652e536572955d84ba1b2248b20c00007870770e05000007e20217090a0c177bf68078',NULL,'safasdfas@dfsdfsdsdfsdfdsfsdfsdf')
COMMIT
DELETE FROM JOGADOR WHERE ID=20
INSERT INTO JOGADOR VALUES(20,'teste','aced00057372000d6a6176612e74696d652e536572955d84ba1b2248b20c00007870770e05000007e202170909030121eac078',NULL,'sdfsdf@sdfsdfsf.com')
COMMIT
DELETE FROM JOGADOR WHERE ID=22
INSERT INTO JOGADOR VALUES(22,'pra nao fik vazio','aced00057372000d6a6176612e74696d652e536572955d84ba1b2248b20c00007870770e05000007e20217090b0e14aeccc078',NULL,'vazio@gmail.com')
COMMIT
